#
# There is insufficient memory for the Java Runtime Environment to continue.
# Native memory allocation (malloc) failed to allocate 393776 bytes. Error detail: Chunk::new
# Possible reasons:
#   The system is out of physical RAM or swap space
#   This process is running with CompressedOops enabled, and the Java Heap may be blocking the growth of the native heap
# Possible solutions:
#   Reduce memory load on the system
#   Increase physical memory or swap space
#   Check if swap backing store is full
#   Decrease Java heap size (-Xmx/-Xms)
#   Decrease number of Java threads
#   Decrease Java thread stack sizes (-Xss)
#   Set larger code cache with -XX:ReservedCodeCacheSize=
#   JVM is running with Unscaled Compressed Oops mode in which the Java heap is
#     placed in the first 4GB address space. The Java Heap base address is the
#     maximum limit for the native heap growth. Please use -XX:HeapBaseMinAddress
#     to set the Java Heap base and to place the Java Heap above 4GB virtual address.
# This output file may be truncated or incomplete.
#
#  Out of Memory Error (arena.cpp:168), pid=19148, tid=12400
#
# JRE version: OpenJDK Runtime Environment Temurin-21.0.9+10 (21.0.9+10) (build 21.0.9+10-LTS)
# Java VM: OpenJDK 64-Bit Server VM Temurin-21.0.9+10 (21.0.9+10-LTS, mixed mode, sharing, tiered, compressed oops, compressed class ptrs, parallel gc, windows-amd64)
# No core dump will be written. Minidumps are not enabled by default on client versions of Windows
#

---------------  S U M M A R Y ------------

Command Line: --add-modules=ALL-SYSTEM --add-opens=java.base/java.util=ALL-UNNAMED --add-opens=java.base/java.lang=ALL-UNNAMED --add-opens=java.base/sun.nio.fs=ALL-UNNAMED -Declipse.application=org.eclipse.jdt.ls.core.id1 -Dosgi.bundles.defaultStartLevel=4 -Declipse.product=org.eclipse.jdt.ls.core.product -Djava.import.generatesMetadataFilesAtProjectRoot=false -DDetectVMInstallationsJob.disabled=true -Dfile.encoding=utf8 -XX:+UseParallelGC -XX:GCTimeRatio=4 -XX:AdaptiveSizePolicyWeight=90 -Dsun.zip.disableMemoryMapping=true -Xmx2G -Xms100m -Xlog:disable -javaagent:c:\Users\lenovo\.antigravity\extensions\redhat.java-1.50.0-win32-x64\lombok\lombok-1.18.39-4050.jar c:\Users\lenovo\.antigravity\extensions\redhat.java-1.50.0-win32-x64\server\plugins\org.eclipse.equinox.launcher_1.7.100.v20251111-0406.jar -configuration c:\Users\lenovo\AppData\Roaming\Antigravity\User\globalStorage\redhat.java\1.50.0\config_ss_win -data c:\Users\lenovo\AppData\Roaming\Antigravity\User\workspaceStorage\2425327a754423f84cdfe1383d7bf74d\redhat.java\ss_ws --pipe=\\.\pipe\lsp-624ca24bfcd9a5226d0bc70eb66a25a7-sock

Host: AMD Ryzen 3 4300U with Radeon Graphics         , 4 cores, 7G,  Windows 11 , 64 bit Build 22621 (10.0.22621.5415)
Time: Thu Dec 18 02:47:48 2025 elapsed time: 23.734481 seconds (0d 0h 0m 23s)

---------------  T H R E A D  ---------------

Current thread (0x0000024e730fad60):  JavaThread "C2 CompilerThread0" daemon [_thread_in_native, id=12400, stack(0x000000dcc0800000,0x000000dcc0900000) (1024K)]


Current CompileTask:
C2:23734 3085       4       java.lang.Object::toString (36 bytes)

Stack: [0x000000dcc0800000,0x000000dcc0900000]
Native frames: (J=compiled Java code, j=interpreted, Vv=VM code, C=native code)
V  [jvm.dll+0x6d6e29]
V  [jvm.dll+0x8b4b76]
V  [jvm.dll+0x8b712e]
V  [jvm.dll+0x8b7813]
V  [jvm.dll+0x283d86]
V  [jvm.dll+0xc66ed]
V  [jvm.dll+0xc6c31]
V  [jvm.dll+0x3be501]
V  [jvm.dll+0x38ab92]
V  [jvm.dll+0x389fda]
V  [jvm.dll+0x24bfa0]
V  [jvm.dll+0x24b580]
V  [jvm.dll+0x1cb13e]
V  [jvm.dll+0x25b29d]
V  [jvm.dll+0x25982a]
V  [jvm.dll+0x3f7ea6]
V  [jvm.dll+0x85e9ad]
V  [jvm.dll+0x6d565d]
C  [ucrtbase.dll+0x29333]
C  [KERNEL32.DLL+0x1259d]
C  [ntdll.dll+0x5af78]


---------------  P R O C E S S  ---------------

Threads class SMR info:
_java_thread_list=0x0000024e78e9c880, length=19, elements={
0x0000024e5c706690, 0x0000024e730f43c0, 0x0000024e5c7bc4c0, 0x0000024e730f70e0,
0x0000024e730f7b30, 0x0000024e730f9590, 0x0000024e730f9fe0, 0x0000024e730fad60,
0x0000024e7312a500, 0x0000024e7814af30, 0x0000024e7825dcb0, 0x0000024e786457d0,
0x0000024e73173f80, 0x0000024e78056b40, 0x0000024e78084860, 0x0000024e78912770,
0x0000024e78d81060, 0x0000024e731a1630, 0x0000024e78cfd230
}
_to_delete_list=0x0000024e79077610, length=20, elements={
0x0000024e5c706690, 0x0000024e730f43c0, 0x0000024e5c7bc4c0, 0x0000024e730f70e0,
0x0000024e730f7b30, 0x0000024e730f9590, 0x0000024e730f9fe0, 0x0000024e730fad60,
0x0000024e7312a500, 0x0000024e7814af30, 0x0000024e7825dcb0, 0x0000024e786457d0,
0x0000024e73173f80, 0x0000024e78056b40, 0x0000024e78084860, 0x0000024e78912770,
0x0000024e78d81060, 0x0000024e731a1630, 0x0000024e78cfd230, 0x0000024e78e3fed0
}

Java Threads: ( => current thread )
  0x0000024e5c706690 JavaThread "main"                              [_thread_blocked, id=18740, stack(0x000000dcbfe00000,0x000000dcbff00000) (1024K)]
  0x0000024e730f43c0 JavaThread "Reference Handler"          daemon [_thread_blocked, id=14472, stack(0x000000dcc0200000,0x000000dcc0300000) (1024K)]
  0x0000024e5c7bc4c0 JavaThread "Finalizer"                  daemon [_thread_blocked, id=16736, stack(0x000000dcc0300000,0x000000dcc0400000) (1024K)]
  0x0000024e730f70e0 JavaThread "Signal Dispatcher"          daemon [_thread_blocked, id=14908, stack(0x000000dcc0400000,0x000000dcc0500000) (1024K)]
  0x0000024e730f7b30 JavaThread "Attach Listener"            daemon [_thread_blocked, id=7024, stack(0x000000dcc0500000,0x000000dcc0600000) (1024K)]
  0x0000024e730f9590 JavaThread "Service Thread"             daemon [_thread_blocked, id=17340, stack(0x000000dcc0600000,0x000000dcc0700000) (1024K)]
  0x0000024e730f9fe0 JavaThread "Monitor Deflation Thread"   daemon [_thread_blocked, id=16448, stack(0x000000dcc0700000,0x000000dcc0800000) (1024K)]
=>0x0000024e730fad60 JavaThread "C2 CompilerThread0"         daemon [_thread_in_native, id=12400, stack(0x000000dcc0800000,0x000000dcc0900000) (1024K)]
  0x0000024e7312a500 JavaThread "C1 CompilerThread0"         daemon [_thread_blocked, id=7988, stack(0x000000dcc0900000,0x000000dcc0a00000) (1024K)]
  0x0000024e7814af30 JavaThread "Common-Cleaner"             daemon [_thread_blocked, id=18156, stack(0x000000dcc0a00000,0x000000dcc0b00000) (1024K)]
  0x0000024e7825dcb0 JavaThread "Notification Thread"        daemon [_thread_blocked, id=17816, stack(0x000000dcc0b00000,0x000000dcc0c00000) (1024K)]
  0x0000024e786457d0 JavaThread "Active Thread: Equinox Container: 558f428a-a9a7-4253-878e-67848a1f8e20"        [_thread_blocked, id=17808, stack(0x000000dcc0f00000,0x000000dcc1000000) (1024K)]
  0x0000024e73173f80 JavaThread "Framework Event Dispatcher: Equinox Container: 558f428a-a9a7-4253-878e-67848a1f8e20" daemon [_thread_blocked, id=13280, stack(0x000000dcc1000000,0x000000dcc1100000) (1024K)]
  0x0000024e78056b40 JavaThread "Start Level: Equinox Container: 558f428a-a9a7-4253-878e-67848a1f8e20" daemon [_thread_in_vm, id=13124, stack(0x000000dcc1100000,0x000000dcc1200000) (1024K)]
  0x0000024e78084860 JavaThread "SCR Component Actor"        daemon [_thread_blocked, id=19188, stack(0x000000dcc1200000,0x000000dcc1300000) (1024K)]
  0x0000024e78912770 JavaThread "Worker-JM"                         [_thread_blocked, id=6732, stack(0x000000dcc1300000,0x000000dcc1400000) (1024K)]
  0x0000024e78d81060 JavaThread "JNA Cleaner"                daemon [_thread_blocked, id=4444, stack(0x000000dcc1400000,0x000000dcc1500000) (1024K)]
  0x0000024e731a1630 JavaThread "Worker-0"                          [_thread_blocked, id=13372, stack(0x000000dcc1500000,0x000000dcc1600000) (1024K)]
  0x0000024e78cfd230 JavaThread "Worker-1"                          [_thread_blocked, id=5668, stack(0x000000dcc1600000,0x000000dcc1700000) (1024K)]
Total: 19

Other Threads:
  0x0000024e730ef4e0 VMThread "VM Thread"                           [id=17292, stack(0x000000dcc0100000,0x000000dcc0200000) (1024K)]
  0x0000024e7308ca00 WatcherThread "VM Periodic Task Thread"        [id=4260, stack(0x000000dcc0000000,0x000000dcc0100000) (1024K)]
  0x0000024e5c726a10 WorkerThread "GC Thread#0"                     [id=15396, stack(0x000000dcbff00000,0x000000dcc0000000) (1024K)]
  0x0000024e783ca090 WorkerThread "GC Thread#1"                     [id=19196, stack(0x000000dcc0c00000,0x000000dcc0d00000) (1024K)]
  0x0000024e78553e20 WorkerThread "GC Thread#2"                     [id=10768, stack(0x000000dcc0d00000,0x000000dcc0e00000) (1024K)]
  0x0000024e785541c0 WorkerThread "GC Thread#3"                     [id=13564, stack(0x000000dcc0e00000,0x000000dcc0f00000) (1024K)]
Total: 6

Threads with active compile tasks:
C2 CompilerThread0  23786 3085       4       java.lang.Object::toString (36 bytes)
Total: 1

VM state: not at safepoint (normal execution)

VM Mutex/Monitor currently owned by a thread: None

Heap address: 0x0000000080000000, size: 2048 MB, Compressed Oops mode: 32-bit

CDS archive(s) mapped at: [0x0000024e00000000-0x0000024e00ba0000-0x0000024e00ba0000), size 12189696, SharedBaseAddress: 0x0000024e00000000, ArchiveRelocationMode: 1.
Compressed class space mapped at: 0x0000024e01000000-0x0000024e41000000, reserved size: 1073741824
Narrow klass base: 0x0000024e00000000, Narrow klass shift: 0, Narrow klass range: 0x100000000

GC Precious Log:
 CardTable entry size: 512
 CPUs: 4 total, 4 available
 Memory: 7549M
 Large Page Support: Disabled
 NUMA Support: Disabled
 Compressed Oops: Enabled (32-bit)
 Alignments: Space 512K, Generation 512K, Heap 2M
 Heap Min Capacity: 100M
 Heap Initial Capacity: 100M
 Heap Max Capacity: 2G
 Pre-touch: Disabled
 Parallel Workers: 4

Heap:
 PSYoungGen      total 27136K, used 14643K [0x00000000d5580000, 0x00000000d7480000, 0x0000000100000000)
  eden space 24576K, 49% used [0x00000000d5580000,0x00000000d6173408,0x00000000d6d80000)
  from space 2560K, 94% used [0x00000000d6e80000,0x00000000d70d9ab8,0x00000000d7100000)
  to   space 3584K, 0% used [0x00000000d7100000,0x00000000d7100000,0x00000000d7480000)
 ParOldGen       total 68608K, used 8869K [0x0000000080000000, 0x0000000084300000, 0x00000000d5580000)
  object space 68608K, 12% used [0x0000000080000000,0x00000000808a97f8,0x0000000084300000)
 Metaspace       used 24889K, committed 25600K, reserved 1114112K
  class space    used 2420K, committed 2752K, reserved 1048576K

Card table byte_map: [0x0000024e5c0c0000,0x0000024e5c4d0000] _byte_map_base: 0x0000024e5bcc0000

Marking Bits: (ParMarkBitMap*) 0x00007ff84d502460
 Begin Bits: [0x0000024e6ebb0000, 0x0000024e70bb0000)
 End Bits:   [0x0000024e70bb0000, 0x0000024e72bb0000)

Polling page: 0x0000024e5a5c0000

Metaspace:

Usage:
  Non-class:     21.94 MB used.
      Class:      2.36 MB used.
       Both:     24.31 MB used.

Virtual space:
  Non-class space:       64.00 MB reserved,      22.31 MB ( 35%) committed,  1 nodes.
      Class space:        1.00 GB reserved,       2.69 MB ( <1%) committed,  1 nodes.
             Both:        1.06 GB reserved,      25.00 MB (  2%) committed. 

Chunk freelists:
   Non-Class:  9.58 MB
       Class:  13.28 MB
        Both:  22.86 MB

MaxMetaspaceSize: unlimited
CompressedClassSpaceSize: 1.00 GB
Initial GC threshold: 21.00 MB
Current GC threshold: 35.00 MB
CDS: on
 - commit_granule_bytes: 65536.
 - commit_granule_words: 8192.
 - virtual_space_node_default_size: 8388608.
 - enlarge_chunks_in_place: 1.
 - use_allocation_guard: 0.


Internal statistics:

num_allocs_failed_limit: 3.
num_arena_births: 522.
num_arena_deaths: 14.
num_vsnodes_births: 2.
num_vsnodes_deaths: 0.
num_space_committed: 400.
num_space_uncommitted: 0.
num_chunks_returned_to_freelist: 17.
num_chunks_taken_from_freelist: 1440.
num_chunk_merges: 9.
num_chunk_splits: 937.
num_chunks_enlarged: 618.
num_inconsistent_stats: 0.

CodeHeap 'non-profiled nmethods': size=120000Kb used=1438Kb max_used=1438Kb free=118561Kb
 bounds [0x0000024e673d0000, 0x0000024e67640000, 0x0000024e6e900000]
CodeHeap 'profiled nmethods': size=120000Kb used=6238Kb max_used=6238Kb free=113761Kb
 bounds [0x0000024e5f900000, 0x0000024e5ff20000, 0x0000024e66e30000]
CodeHeap 'non-nmethods': size=5760Kb used=1326Kb max_used=1357Kb free=4433Kb
 bounds [0x0000024e66e30000, 0x0000024e670a0000, 0x0000024e673d0000]
CodeCache: size=245760Kb, used=9002Kb, max_used=9033Kb, free=236755Kb
 total_blobs=3760, nmethods=3147, adapters=519, full_count=0
Compilation: enabled, stopped_count=0, restarted_count=0

Compilation events (20 events):
Event: 23.689 Thread 0x0000024e7312a500 3098       3       java.util.TreeMap::putIfAbsent (8 bytes)
Event: 23.689 Thread 0x0000024e7312a500 nmethod 3098 0x0000024e5ff03690 code [0x0000024e5ff03840, 0x0000024e5ff03980]
Event: 23.689 Thread 0x0000024e7312a500 3100       3       java.util.TreeMap::rightOf (13 bytes)
Event: 23.689 Thread 0x0000024e7312a500 nmethod 3100 0x0000024e5ff03a10 code [0x0000024e5ff03bc0, 0x0000024e5ff03d28]
Event: 23.689 Thread 0x0000024e7312a500 3089       2       java.lang.Character::toLowerCase (6 bytes)
Event: 23.689 Thread 0x0000024e7312a500 nmethod 3089 0x0000024e5ff03e10 code [0x0000024e5ff03fc0, 0x0000024e5ff04108]
Event: 23.689 Thread 0x0000024e7312a500 3090       2       java.lang.Character::toLowerCase (9 bytes)
Event: 23.689 Thread 0x0000024e7312a500 nmethod 3090 0x0000024e5ff04210 code [0x0000024e5ff043c0, 0x0000024e5ff04500]
Event: 23.690 Thread 0x0000024e7312a500 3102       3       java.util.TreeMap::rotateLeft (96 bytes)
Event: 23.691 Thread 0x0000024e7312a500 nmethod 3102 0x0000024e5ff04590 code [0x0000024e5ff04740, 0x0000024e5ff04a30]
Event: 23.691 Thread 0x0000024e7312a500 3104       3       java.util.TreeMap::rotateRight (96 bytes)
Event: 23.691 Thread 0x0000024e7312a500 nmethod 3104 0x0000024e5ff04b90 code [0x0000024e5ff04d40, 0x0000024e5ff05030]
Event: 23.691 Thread 0x0000024e7312a500 3107   !   3       sun.nio.cs.ext.AbstractCharsetProvider::charset (84 bytes)
Event: 23.691 Thread 0x0000024e7312a500 nmethod 3107 0x0000024e5ff05190 code [0x0000024e5ff053a0, 0x0000024e5ff059c0]
Event: 23.695 Thread 0x0000024e7312a500 3108       3       java.util.TreeMap::clear (21 bytes)
Event: 23.695 Thread 0x0000024e7312a500 nmethod 3108 0x0000024e5ff05d10 code [0x0000024e5ff05ea0, 0x0000024e5ff05fd8]
Event: 23.700 Thread 0x0000024e7312a500 3109       3       java.util.TreeMap::put (8 bytes)
Event: 23.701 Thread 0x0000024e7312a500 nmethod 3109 0x0000024e5ff06090 code [0x0000024e5ff06240, 0x0000024e5ff06380]
Event: 23.703 Thread 0x0000024e7312a500 3110       3       jdk.internal.loader.ClassLoaders::platformClassLoader (4 bytes)
Event: 23.703 Thread 0x0000024e7312a500 nmethod 3110 0x0000024e5ff06410 code [0x0000024e5ff065a0, 0x0000024e5ff06698]

GC Heap History (16 events):
Event: 2.698 GC heap before
{Heap before GC invocations=1 (full 0):
 PSYoungGen      total 29696K, used 25600K [0x00000000d5580000, 0x00000000d7680000, 0x0000000100000000)
  eden space 25600K, 100% used [0x00000000d5580000,0x00000000d6e80000,0x00000000d6e80000)
  from space 4096K, 0% used [0x00000000d7280000,0x00000000d7280000,0x00000000d7680000)
  to   space 4096K, 0% used [0x00000000d6e80000,0x00000000d6e80000,0x00000000d7280000)
 ParOldGen       total 68608K, used 0K [0x0000000080000000, 0x0000000084300000, 0x00000000d5580000)
  object space 68608K, 0% used [0x0000000080000000,0x0000000080000000,0x0000000084300000)
 Metaspace       used 4375K, committed 4608K, reserved 1114112K
  class space    used 474K, committed 576K, reserved 1048576K
}
Event: 2.763 GC heap after
{Heap after GC invocations=1 (full 0):
 PSYoungGen      total 29696K, used 3303K [0x00000000d5580000, 0x00000000d7680000, 0x0000000100000000)
  eden space 25600K, 0% used [0x00000000d5580000,0x00000000d5580000,0x00000000d6e80000)
  from space 4096K, 80% used [0x00000000d6e80000,0x00000000d71b9e98,0x00000000d7280000)
  to   space 4096K, 0% used [0x00000000d7280000,0x00000000d7280000,0x00000000d7680000)
 ParOldGen       total 68608K, used 0K [0x0000000080000000, 0x0000000084300000, 0x00000000d5580000)
  object space 68608K, 0% used [0x0000000080000000,0x0000000080000000,0x0000000084300000)
 Metaspace       used 4375K, committed 4608K, reserved 1114112K
  class space    used 474K, committed 576K, reserved 1048576K
}
Event: 12.397 GC heap before
{Heap before GC invocations=2 (full 0):
 PSYoungGen      total 29696K, used 28903K [0x00000000d5580000, 0x00000000d7680000, 0x0000000100000000)
  eden space 25600K, 100% used [0x00000000d5580000,0x00000000d6e80000,0x00000000d6e80000)
  from space 4096K, 80% used [0x00000000d6e80000,0x00000000d71b9e98,0x00000000d7280000)
  to   space 4096K, 0% used [0x00000000d7280000,0x00000000d7280000,0x00000000d7680000)
 ParOldGen       total 68608K, used 0K [0x0000000080000000, 0x0000000084300000, 0x00000000d5580000)
  object space 68608K, 0% used [0x0000000080000000,0x0000000080000000,0x0000000084300000)
 Metaspace       used 8235K, committed 8512K, reserved 1114112K
  class space    used 878K, committed 1024K, reserved 1048576K
}
Event: 12.403 GC heap after
{Heap after GC invocations=2 (full 0):
 PSYoungGen      total 29696K, used 4091K [0x00000000d5580000, 0x00000000d7680000, 0x0000000100000000)
  eden space 25600K, 0% used [0x00000000d5580000,0x00000000d5580000,0x00000000d6e80000)
  from space 4096K, 99% used [0x00000000d7280000,0x00000000d767efe8,0x00000000d7680000)
  to   space 4096K, 0% used [0x00000000d6e80000,0x00000000d6e80000,0x00000000d7280000)
 ParOldGen       total 68608K, used 889K [0x0000000080000000, 0x0000000084300000, 0x00000000d5580000)
  object space 68608K, 1% used [0x0000000080000000,0x00000000800de6b8,0x0000000084300000)
 Metaspace       used 8235K, committed 8512K, reserved 1114112K
  class space    used 878K, committed 1024K, reserved 1048576K
}
Event: 13.961 GC heap before
{Heap before GC invocations=3 (full 0):
 PSYoungGen      total 29696K, used 29691K [0x00000000d5580000, 0x00000000d7680000, 0x0000000100000000)
  eden space 25600K, 100% used [0x00000000d5580000,0x00000000d6e80000,0x00000000d6e80000)
  from space 4096K, 99% used [0x00000000d7280000,0x00000000d767efe8,0x00000000d7680000)
  to   space 4096K, 0% used [0x00000000d6e80000,0x00000000d6e80000,0x00000000d7280000)
 ParOldGen       total 68608K, used 889K [0x0000000080000000, 0x0000000084300000, 0x00000000d5580000)
  object space 68608K, 1% used [0x0000000080000000,0x00000000800de6b8,0x0000000084300000)
 Metaspace       used 13058K, committed 13632K, reserved 1114112K
  class space    used 1385K, committed 1664K, reserved 1048576K
}
Event: 13.967 GC heap after
{Heap after GC invocations=3 (full 0):
 PSYoungGen      total 29696K, used 4070K [0x00000000d5580000, 0x00000000d7680000, 0x0000000100000000)
  eden space 25600K, 0% used [0x00000000d5580000,0x00000000d5580000,0x00000000d6e80000)
  from space 4096K, 99% used [0x00000000d6e80000,0x00000000d7279a90,0x00000000d7280000)
  to   space 4096K, 0% used [0x00000000d7280000,0x00000000d7280000,0x00000000d7680000)
 ParOldGen       total 68608K, used 2783K [0x0000000080000000, 0x0000000084300000, 0x00000000d5580000)
  object space 68608K, 4% used [0x0000000080000000,0x00000000802b7c20,0x0000000084300000)
 Metaspace       used 13058K, committed 13632K, reserved 1114112K
  class space    used 1385K, committed 1664K, reserved 1048576K
}
Event: 19.806 GC heap before
{Heap before GC invocations=4 (full 0):
 PSYoungGen      total 29696K, used 29668K [0x00000000d5580000, 0x00000000d7680000, 0x0000000100000000)
  eden space 25600K, 99% used [0x00000000d5580000,0x00000000d6e7f958,0x00000000d6e80000)
  from space 4096K, 99% used [0x00000000d6e80000,0x00000000d7279a90,0x00000000d7280000)
  to   space 4096K, 0% used [0x00000000d7280000,0x00000000d7280000,0x00000000d7680000)
 ParOldGen       total 68608K, used 2783K [0x0000000080000000, 0x0000000084300000, 0x00000000d5580000)
  object space 68608K, 4% used [0x0000000080000000,0x00000000802b7c20,0x0000000084300000)
 Metaspace       used 17248K, committed 17920K, reserved 1114112K
  class space    used 1811K, committed 2112K, reserved 1048576K
}
Event: 19.812 GC heap after
{Heap after GC invocations=4 (full 0):
 PSYoungGen      total 29696K, used 4075K [0x00000000d5580000, 0x00000000d7680000, 0x0000000100000000)
  eden space 25600K, 0% used [0x00000000d5580000,0x00000000d5580000,0x00000000d6e80000)
  from space 4096K, 99% used [0x00000000d7280000,0x00000000d767ae98,0x00000000d7680000)
  to   space 4096K, 0% used [0x00000000d6e80000,0x00000000d6e80000,0x00000000d7280000)
 ParOldGen       total 68608K, used 4558K [0x0000000080000000, 0x0000000084300000, 0x00000000d5580000)
  object space 68608K, 6% used [0x0000000080000000,0x00000000804738f0,0x0000000084300000)
 Metaspace       used 17248K, committed 17920K, reserved 1114112K
  class space    used 1811K, committed 2112K, reserved 1048576K
}
Event: 20.933 GC heap before
{Heap before GC invocations=5 (full 0):
 PSYoungGen      total 29696K, used 29675K [0x00000000d5580000, 0x00000000d7680000, 0x0000000100000000)
  eden space 25600K, 100% used [0x00000000d5580000,0x00000000d6e80000,0x00000000d6e80000)
  from space 4096K, 99% used [0x00000000d7280000,0x00000000d767ae98,0x00000000d7680000)
  to   space 4096K, 0% used [0x00000000d6e80000,0x00000000d6e80000,0x00000000d7280000)
 ParOldGen       total 68608K, used 4558K [0x0000000080000000, 0x0000000084300000, 0x00000000d5580000)
  object space 68608K, 6% used [0x0000000080000000,0x00000000804738f0,0x0000000084300000)
 Metaspace       used 20496K, committed 21184K, reserved 1114112K
  class space    used 2037K, committed 2368K, reserved 1048576K
}
Event: 20.940 GC heap after
{Heap after GC invocations=5 (full 0):
 PSYoungGen      total 29184K, used 4081K [0x00000000d5580000, 0x00000000d7800000, 0x0000000100000000)
  eden space 25088K, 0% used [0x00000000d5580000,0x00000000d5580000,0x00000000d6e00000)
  from space 4096K, 99% used [0x00000000d6e80000,0x00000000d727c760,0x00000000d7280000)
  to   space 5120K, 0% used [0x00000000d7300000,0x00000000d7300000,0x00000000d7800000)
 ParOldGen       total 68608K, used 4706K [0x0000000080000000, 0x0000000084300000, 0x00000000d5580000)
  object space 68608K, 6% used [0x0000000080000000,0x0000000080498910,0x0000000084300000)
 Metaspace       used 20496K, committed 21184K, reserved 1114112K
  class space    used 2037K, committed 2368K, reserved 1048576K
}
Event: 21.382 GC heap before
{Heap before GC invocations=6 (full 0):
 PSYoungGen      total 29184K, used 9271K [0x00000000d5580000, 0x00000000d7800000, 0x0000000100000000)
  eden space 25088K, 20% used [0x00000000d5580000,0x00000000d5a916d8,0x00000000d6e00000)
  from space 4096K, 99% used [0x00000000d6e80000,0x00000000d727c760,0x00000000d7280000)
  to   space 5120K, 0% used [0x00000000d7300000,0x00000000d7300000,0x00000000d7800000)
 ParOldGen       total 68608K, used 4706K [0x0000000080000000, 0x0000000084300000, 0x00000000d5580000)
  object space 68608K, 6% used [0x0000000080000000,0x0000000080498910,0x0000000084300000)
 Metaspace       used 20880K, committed 21504K, reserved 1114112K
  class space    used 2057K, committed 2368K, reserved 1048576K
}
Event: 21.388 GC heap after
{Heap after GC invocations=6 (full 0):
 PSYoungGen      total 29696K, used 4468K [0x00000000d5580000, 0x00000000d7780000, 0x0000000100000000)
  eden space 25088K, 0% used [0x00000000d5580000,0x00000000d5580000,0x00000000d6e00000)
  from space 4608K, 96% used [0x00000000d7300000,0x00000000d775d320,0x00000000d7780000)
  to   space 4608K, 0% used [0x00000000d6e80000,0x00000000d6e80000,0x00000000d7300000)
 ParOldGen       total 68608K, used 4714K [0x0000000080000000, 0x0000000084300000, 0x00000000d5580000)
  object space 68608K, 6% used [0x0000000080000000,0x000000008049a910,0x0000000084300000)
 Metaspace       used 20880K, committed 21504K, reserved 1114112K
  class space    used 2057K, committed 2368K, reserved 1048576K
}
Event: 21.388 GC heap before
{Heap before GC invocations=7 (full 1):
 PSYoungGen      total 29696K, used 4468K [0x00000000d5580000, 0x00000000d7780000, 0x0000000100000000)
  eden space 25088K, 0% used [0x00000000d5580000,0x00000000d5580000,0x00000000d6e00000)
  from space 4608K, 96% used [0x00000000d7300000,0x00000000d775d320,0x00000000d7780000)
  to   space 4608K, 0% used [0x00000000d6e80000,0x00000000d6e80000,0x00000000d7300000)
 ParOldGen       total 68608K, used 4714K [0x0000000080000000, 0x0000000084300000, 0x00000000d5580000)
  object space 68608K, 6% used [0x0000000080000000,0x000000008049a910,0x0000000084300000)
 Metaspace       used 20880K, committed 21504K, reserved 1114112K
  class space    used 2057K, committed 2368K, reserved 1048576K
}
Event: 21.420 GC heap after
{Heap after GC invocations=7 (full 1):
 PSYoungGen      total 29696K, used 0K [0x00000000d5580000, 0x00000000d7780000, 0x0000000100000000)
  eden space 25088K, 0% used [0x00000000d5580000,0x00000000d5580000,0x00000000d6e00000)
  from space 4608K, 0% used [0x00000000d7300000,0x00000000d7300000,0x00000000d7780000)
  to   space 4608K, 0% used [0x00000000d6e80000,0x00000000d6e80000,0x00000000d7300000)
 ParOldGen       total 68608K, used 8861K [0x0000000080000000, 0x0000000084300000, 0x00000000d5580000)
  object space 68608K, 12% used [0x0000000080000000,0x00000000808a77f8,0x0000000084300000)
 Metaspace       used 20868K, committed 21504K, reserved 1114112K
  class space    used 2053K, committed 2368K, reserved 1048576K
}
Event: 22.300 GC heap before
{Heap before GC invocations=8 (full 1):
 PSYoungGen      total 29696K, used 25088K [0x00000000d5580000, 0x00000000d7780000, 0x0000000100000000)
  eden space 25088K, 100% used [0x00000000d5580000,0x00000000d6e00000,0x00000000d6e00000)
  from space 4608K, 0% used [0x00000000d7300000,0x00000000d7300000,0x00000000d7780000)
  to   space 4608K, 0% used [0x00000000d6e80000,0x00000000d6e80000,0x00000000d7300000)
 ParOldGen       total 68608K, used 8861K [0x0000000080000000, 0x0000000084300000, 0x00000000d5580000)
  object space 68608K, 12% used [0x0000000080000000,0x00000000808a77f8,0x0000000084300000)
 Metaspace       used 22980K, committed 23744K, reserved 1114112K
  class space    used 2230K, committed 2560K, reserved 1048576K
}
Event: 22.302 GC heap after
{Heap after GC invocations=8 (full 1):
 PSYoungGen      total 27136K, used 2406K [0x00000000d5580000, 0x00000000d7480000, 0x0000000100000000)
  eden space 24576K, 0% used [0x00000000d5580000,0x00000000d5580000,0x00000000d6d80000)
  from space 2560K, 94% used [0x00000000d6e80000,0x00000000d70d9ab8,0x00000000d7100000)
  to   space 3584K, 0% used [0x00000000d7100000,0x00000000d7100000,0x00000000d7480000)
 ParOldGen       total 68608K, used 8869K [0x0000000080000000, 0x0000000084300000, 0x00000000d5580000)
  object space 68608K, 12% used [0x0000000080000000,0x00000000808a97f8,0x0000000084300000)
 Metaspace       used 22980K, committed 23744K, reserved 1114112K
  class space    used 2230K, committed 2560K, reserved 1048576K
}

Dll operation events (10 events):
Event: 0.152 Loaded shared library c:\Users\lenovo\.antigravity\extensions\redhat.java-1.50.0-win32-x64\jre\21.0.9-win32-x86_64\bin\java.dll
Event: 0.363 Loaded shared library c:\Users\lenovo\.antigravity\extensions\redhat.java-1.50.0-win32-x64\jre\21.0.9-win32-x86_64\bin\zip.dll
Event: 0.413 Loaded shared library C:\Users\lenovo\.antigravity\extensions\redhat.java-1.50.0-win32-x64\jre\21.0.9-win32-x86_64\bin\instrument.dll
Event: 0.420 Loaded shared library C:\Users\lenovo\.antigravity\extensions\redhat.java-1.50.0-win32-x64\jre\21.0.9-win32-x86_64\bin\net.dll
Event: 0.428 Loaded shared library C:\Users\lenovo\.antigravity\extensions\redhat.java-1.50.0-win32-x64\jre\21.0.9-win32-x86_64\bin\nio.dll
Event: 0.431 Loaded shared library C:\Users\lenovo\.antigravity\extensions\redhat.java-1.50.0-win32-x64\jre\21.0.9-win32-x86_64\bin\zip.dll
Event: 0.480 Loaded shared library C:\Users\lenovo\.antigravity\extensions\redhat.java-1.50.0-win32-x64\jre\21.0.9-win32-x86_64\bin\jimage.dll
Event: 0.738 Loaded shared library c:\Users\lenovo\.antigravity\extensions\redhat.java-1.50.0-win32-x64\jre\21.0.9-win32-x86_64\bin\verify.dll
Event: 12.273 Loaded shared library C:\Users\lenovo\AppData\Roaming\Antigravity\User\globalStorage\redhat.java\1.50.0\config_ss_win\org.eclipse.equinox.launcher\org.eclipse.equinox.launcher.win32.win32.x86_64_1.2.1400.v20250801-0854\eclipse_11916.dll
Event: 19.018 Loaded shared library C:\Users\lenovo\AppData\Local\Temp\jna--1106355917\jna6804592599455512001.dll

Deoptimization events (20 events):
Event: 23.420 Thread 0x0000024e78056b40 DEOPT PACKING pc=0x0000024e5fe95c49 sp=0x000000dcc11f8d80
Event: 23.420 Thread 0x0000024e78056b40 DEOPT UNPACKING pc=0x0000024e66e84242 sp=0x000000dcc11f81f0 mode 0
Event: 23.421 Thread 0x0000024e78056b40 DEOPT PACKING pc=0x0000024e5fe95c49 sp=0x000000dcc11f8d80
Event: 23.421 Thread 0x0000024e78056b40 DEOPT UNPACKING pc=0x0000024e66e84242 sp=0x000000dcc11f81f0 mode 0
Event: 23.421 Thread 0x0000024e78056b40 DEOPT PACKING pc=0x0000024e5fe95c49 sp=0x000000dcc11f8d80
Event: 23.421 Thread 0x0000024e78056b40 DEOPT UNPACKING pc=0x0000024e66e84242 sp=0x000000dcc11f81f0 mode 0
Event: 23.421 Thread 0x0000024e78056b40 DEOPT PACKING pc=0x0000024e5fe95c49 sp=0x000000dcc11f8d80
Event: 23.421 Thread 0x0000024e78056b40 DEOPT UNPACKING pc=0x0000024e66e84242 sp=0x000000dcc11f81f0 mode 0
Event: 23.421 Thread 0x0000024e78056b40 DEOPT PACKING pc=0x0000024e5fe95c49 sp=0x000000dcc11f8d80
Event: 23.421 Thread 0x0000024e78056b40 DEOPT UNPACKING pc=0x0000024e66e84242 sp=0x000000dcc11f81f0 mode 0
Event: 23.421 Thread 0x0000024e78056b40 DEOPT PACKING pc=0x0000024e5fe95c49 sp=0x000000dcc11f8d80
Event: 23.421 Thread 0x0000024e78056b40 DEOPT UNPACKING pc=0x0000024e66e84242 sp=0x000000dcc11f81f0 mode 0
Event: 23.581 Thread 0x0000024e78056b40 Uncommon trap: trap_request=0xffffffde fr.pc=0x0000024e67529eb4 relative=0x0000000000000814
Event: 23.581 Thread 0x0000024e78056b40 Uncommon trap: reason=class_check action=maybe_recompile pc=0x0000024e67529eb4 method=java.util.HashMap.putVal(ILjava/lang/Object;Ljava/lang/Object;ZZ)Ljava/lang/Object; @ 91 c2
Event: 23.581 Thread 0x0000024e78056b40 DEOPT PACKING pc=0x0000024e67529eb4 sp=0x000000dcc11fd8f0
Event: 23.581 Thread 0x0000024e78056b40 DEOPT UNPACKING pc=0x0000024e66e83aa2 sp=0x000000dcc11fd7e0 mode 2
Event: 23.581 Thread 0x0000024e78056b40 Uncommon trap: trap_request=0xffffffde fr.pc=0x0000024e67529eb4 relative=0x0000000000000814
Event: 23.581 Thread 0x0000024e78056b40 Uncommon trap: reason=class_check action=maybe_recompile pc=0x0000024e67529eb4 method=java.util.HashMap.putVal(ILjava/lang/Object;Ljava/lang/Object;ZZ)Ljava/lang/Object; @ 91 c2
Event: 23.581 Thread 0x0000024e78056b40 DEOPT PACKING pc=0x0000024e67529eb4 sp=0x000000dcc11fd8f0
Event: 23.581 Thread 0x0000024e78056b40 DEOPT UNPACKING pc=0x0000024e66e83aa2 sp=0x000000dcc11fd7e0 mode 2

Classes loaded (20 events):
Event: 23.680 Loading class com/sun/org/apache/xml/internal/serializer/EncodingInfo
Event: 23.680 Loading class com/sun/org/apache/xml/internal/serializer/EncodingInfo done
Event: 23.680 Loading class com/sun/org/apache/xml/internal/serializer/ToStream$CharacterBuffer
Event: 23.680 Loading class com/sun/org/apache/xml/internal/serializer/ToStream$CharacterBuffer done
Event: 23.680 Loading class com/sun/org/apache/xml/internal/serializer/Encodings
Event: 23.680 Loading class com/sun/org/apache/xml/internal/serializer/Encodings done
Event: 23.680 Loading class com/sun/org/apache/xml/internal/serializer/Encodings$EncodingInfos
Event: 23.680 Loading class com/sun/org/apache/xml/internal/serializer/Encodings$EncodingInfos done
Event: 23.681 Loading class java/nio/charset/Charset$ExtendedProviderHolder
Event: 23.682 Loading class java/nio/charset/Charset$ExtendedProviderHolder done
Event: 23.682 Loading class java/nio/charset/Charset$ExtendedProviderHolder$1
Event: 23.682 Loading class java/nio/charset/Charset$ExtendedProviderHolder$1 done
Event: 23.690 Loading class java/nio/charset/Charset$ThreadTrackHolder
Event: 23.690 Loading class java/nio/charset/Charset$ThreadTrackHolder done
Event: 23.690 Loading class java/nio/charset/Charset$2
Event: 23.690 Loading class java/nio/charset/Charset$2 done
Event: 23.690 Loading class java/nio/charset/Charset$1
Event: 23.690 Loading class java/nio/charset/Charset$1 done
Event: 23.702 Loading class sun/nio/cs/ISO_8859_13
Event: 23.702 Loading class sun/nio/cs/ISO_8859_13 done

Classes unloaded (7 events):
Event: 21.394 Thread 0x0000024e730ef4e0 Unloading class 0x0000024e01190c00 'java/lang/invoke/LambdaForm$MH+0x0000024e01190c00'
Event: 21.394 Thread 0x0000024e730ef4e0 Unloading class 0x0000024e01190800 'java/lang/invoke/LambdaForm$MH+0x0000024e01190800'
Event: 21.394 Thread 0x0000024e730ef4e0 Unloading class 0x0000024e01190400 'java/lang/invoke/LambdaForm$MH+0x0000024e01190400'
Event: 21.394 Thread 0x0000024e730ef4e0 Unloading class 0x0000024e01190000 'java/lang/invoke/LambdaForm$MH+0x0000024e01190000'
Event: 21.394 Thread 0x0000024e730ef4e0 Unloading class 0x0000024e0118fc00 'java/lang/invoke/LambdaForm$BMH+0x0000024e0118fc00'
Event: 21.394 Thread 0x0000024e730ef4e0 Unloading class 0x0000024e0118f800 'java/lang/invoke/LambdaForm$DMH+0x0000024e0118f800'
Event: 21.394 Thread 0x0000024e730ef4e0 Unloading class 0x0000024e0118e400 'java/lang/invoke/LambdaForm$DMH+0x0000024e0118e400'

Classes redefined (0 events):
No events

Internal exceptions (20 events):
Event: 19.416 Thread 0x0000024e78056b40 Exception <a 'java/lang/NoSuchMethodError'{0x00000000d658a228}: 'java.lang.Object java.lang.invoke.Invokers$Holder.linkToTargetMethod(java.lang.Object, java.lang.Object, long, java.lang.Object)'> (0x00000000d658a228) 
thrown [s\src\hotspot\share\interpreter\linkResolver.cpp, line 773]
Event: 19.432 Thread 0x0000024e78056b40 Exception <a 'java/lang/NoSuchMethodError'{0x00000000d65e2688}: 'int java.lang.invoke.DirectMethodHandle$Holder.invokeStaticInit(java.lang.Object, java.lang.Object, java.lang.Object)'> (0x00000000d65e2688) 
thrown [s\src\hotspot\share\interpreter\linkResolver.cpp, line 773]
Event: 19.448 Thread 0x0000024e78056b40 Exception <a 'java/lang/IncompatibleClassChangeError'{0x00000000d6685c48}: Found class java.lang.Object, but interface was expected> (0x00000000d6685c48) 
thrown [s\src\hotspot\share\interpreter\linkResolver.cpp, line 840]
Event: 19.451 Thread 0x0000024e78056b40 Exception <a 'java/lang/NoSuchMethodError'{0x00000000d6698858}: 'java.lang.Object java.lang.invoke.DirectMethodHandle$Holder.invokeSpecial(java.lang.Object, java.lang.Object, java.lang.Object, int, java.lang.Object, java.lang.Object)'> (0x00000000d6698858) 
thrown [s\src\hotspot\share\interpreter\linkResolver.cpp, line 773]
Event: 19.456 Thread 0x0000024e78056b40 Exception <a 'java/lang/NoSuchMethodError'{0x00000000d66a0330}: 'java.lang.Object java.lang.invoke.DirectMethodHandle$Holder.newInvokeSpecial(java.lang.Object, java.lang.Object, java.lang.Object, int, java.lang.Object)'> (0x00000000d66a0330) 
thrown [s\src\hotspot\share\interpreter\linkResolver.cpp, line 773]
Event: 19.456 Thread 0x0000024e78056b40 Exception <a 'java/lang/NoSuchMethodError'{0x00000000d66a42b0}: 'java.lang.Object java.lang.invoke.DirectMethodHandle$Holder.invokeSpecial(java.lang.Object, java.lang.Object, java.lang.Object, java.lang.Object, int, java.lang.Object)'> (0x00000000d66a42b0) 
thrown [s\src\hotspot\share\interpreter\linkResolver.cpp, line 773]
Event: 19.457 Thread 0x0000024e78056b40 Exception <a 'java/lang/NoSuchMethodError'{0x00000000d66a7df0}: 'java.lang.Object java.lang.invoke.Invokers$Holder.linkToTargetMethod(java.lang.Object, java.lang.Object, int, java.lang.Object, java.lang.Object)'> (0x00000000d66a7df0) 
thrown [s\src\hotspot\share\interpreter\linkResolver.cpp, line 773]
Event: 19.462 Thread 0x0000024e731a1630 Exception <a 'java/lang/NoSuchMethodError'{0x00000000d65e3e80}: 'java.lang.Object java.lang.invoke.DirectMethodHandle$Holder.invokeSpecial(java.lang.Object, java.lang.Object, int, java.lang.Object, java.lang.Object)'> (0x00000000d65e3e80) 
thrown [s\src\hotspot\share\interpreter\linkResolver.cpp, line 773]
Event: 19.463 Thread 0x0000024e731a1630 Exception <a 'java/lang/NoSuchMethodError'{0x00000000d65eabb8}: 'java.lang.Object java.lang.invoke.DirectMethodHandle$Holder.newInvokeSpecial(java.lang.Object, java.lang.Object, int, java.lang.Object)'> (0x00000000d65eabb8) 
thrown [s\src\hotspot\share\interpreter\linkResolver.cpp, line 773]
Event: 19.463 Thread 0x0000024e731a1630 Exception <a 'java/lang/NoSuchMethodError'{0x00000000d65ee498}: 'java.lang.Object java.lang.invoke.DirectMethodHandle$Holder.invokeSpecial(java.lang.Object, java.lang.Object, java.lang.Object, int, java.lang.Object)'> (0x00000000d65ee498) 
thrown [s\src\hotspot\share\interpreter\linkResolver.cpp, line 773]
Event: 19.502 Thread 0x0000024e78056b40 Exception <a 'java/lang/NoSuchMethodError'{0x00000000d67c6b28}: 'void java.lang.invoke.DirectMethodHandle$Holder.invokeSpecial(java.lang.Object, java.lang.Object, java.lang.Object, java.lang.Object, java.lang.Object)'> (0x00000000d67c6b28) 
thrown [s\src\hotspot\share\interpreter\linkResolver.cpp, line 773]
Event: 19.585 Thread 0x0000024e78056b40 Exception <a 'java/lang/NoSuchMethodError'{0x00000000d69f1090}: 'double java.lang.invoke.DirectMethodHandle$Holder.invokeStatic(java.lang.Object, java.lang.Object)'> (0x00000000d69f1090) 
thrown [s\src\hotspot\share\interpreter\linkResolver.cpp, line 773]
Event: 19.586 Thread 0x0000024e78056b40 Exception <a 'java/lang/NoSuchMethodError'{0x00000000d69f4750}: 'double java.lang.invoke.DirectMethodHandle$Holder.invokeStaticInit(java.lang.Object, java.lang.Object)'> (0x00000000d69f4750) 
thrown [s\src\hotspot\share\interpreter\linkResolver.cpp, line 773]
Event: 20.667 Thread 0x0000024e78056b40 Implicit null exception at 0x0000024e67501275 to 0x0000024e67501350
Event: 22.166 Thread 0x0000024e78056b40 Exception <a 'java/lang/ClassNotFoundException'{0x00000000d6c2a648}: com/sun/org/apache/xerces/internal/impl/msg/spi/DOMMessagesProvider> (0x00000000d6c2a648) 
thrown [s\src\hotspot\share\classfile\systemDictionary.cpp, line 312]
Event: 22.180 Thread 0x0000024e78056b40 Exception <a 'java/lang/ClassNotFoundException'{0x00000000d6c588b0}: com/sun/org/apache/xerces/internal/impl/msg/spi/XMLSerializerMessagesProvider> (0x00000000d6c588b0) 
thrown [s\src\hotspot\share\classfile\systemDictionary.cpp, line 312]
Event: 22.187 Thread 0x0000024e78056b40 Exception <a 'java/lang/ClassNotFoundException'{0x00000000d6c70f80}: com/sun/org/apache/xerces/internal/impl/msg/spi/XMLMessagesProvider> (0x00000000d6c70f80) 
thrown [s\src\hotspot\share\classfile\systemDictionary.cpp, line 312]
Event: 22.364 Thread 0x0000024e78056b40 Exception <a 'java/lang/NoSuchMethodError'{0x00000000d5662688}: 'java.lang.Object java.lang.invoke.DirectMethodHandle$Holder.newInvokeSpecial(java.lang.Object, int, java.lang.Object, java.lang.Object)'> (0x00000000d5662688) 
thrown [s\src\hotspot\share\interpreter\linkResolver.cpp, line 773]
Event: 22.833 Thread 0x0000024e78056b40 Exception <a 'sun/nio/fs/WindowsException'{0x00000000d5869998}> (0x00000000d5869998) 
thrown [s\src\hotspot\share\prims\jni.cpp, line 520]
Event: 23.674 Thread 0x0000024e78056b40 Exception <a 'java/lang/ClassNotFoundException'{0x00000000d5e57d10}: com/sun/org/apache/xml/internal/serializer/spi/XMLEntitiesProvider> (0x00000000d5e57d10) 
thrown [s\src\hotspot\share\classfile\systemDictionary.cpp, line 312]

ZGC Phase Switch (0 events):
No events

VM Operations (20 events):
Event: 17.136 Executing VM operation: Cleanup
Event: 17.136 Executing VM operation: Cleanup done
Event: 18.145 Executing VM operation: Cleanup
Event: 18.145 Executing VM operation: Cleanup done
Event: 19.036 Executing VM operation: HandshakeAllThreads (Deoptimize)
Event: 19.036 Executing VM operation: HandshakeAllThreads (Deoptimize) done
Event: 19.806 Executing VM operation: ParallelGCFailedAllocation (Allocation Failure)
Event: 19.812 Executing VM operation: ParallelGCFailedAllocation (Allocation Failure) done
Event: 20.933 Executing VM operation: ParallelGCFailedAllocation (Allocation Failure)
Event: 20.940 Executing VM operation: ParallelGCFailedAllocation (Allocation Failure) done
Event: 21.382 Executing VM operation: CollectForMetadataAllocation (Metadata GC Threshold)
Event: 21.420 Executing VM operation: CollectForMetadataAllocation (Metadata GC Threshold) done
Event: 22.300 Executing VM operation: ParallelGCFailedAllocation (Allocation Failure)
Event: 22.302 Executing VM operation: ParallelGCFailedAllocation (Allocation Failure) done
Event: 22.817 Executing VM operation: HandshakeAllThreads (Deoptimize)
Event: 22.817 Executing VM operation: HandshakeAllThreads (Deoptimize) done
Event: 23.423 Executing VM operation: HandshakeAllThreads (Deoptimize)
Event: 23.480 Executing VM operation: HandshakeAllThreads (Deoptimize) done
Event: 23.480 Executing VM operation: Cleanup
Event: 23.480 Executing VM operation: Cleanup done

Memory protections (0 events):
No events

Nmethod flushes (0 events):
No events

Events (20 events):
Event: 0.285 Thread 0x0000024e5c706690 Thread added: 0x0000024e730f43c0
Event: 0.285 Thread 0x0000024e5c706690 Thread added: 0x0000024e5c7bc4c0
Event: 0.287 Thread 0x0000024e5c706690 Thread added: 0x0000024e730f70e0
Event: 0.287 Thread 0x0000024e5c706690 Thread added: 0x0000024e730f7b30
Event: 0.287 Thread 0x0000024e5c706690 Thread added: 0x0000024e730f9590
Event: 0.287 Thread 0x0000024e5c706690 Thread added: 0x0000024e730f9fe0
Event: 0.287 Thread 0x0000024e5c706690 Thread added: 0x0000024e730fad60
Event: 0.290 Thread 0x0000024e5c706690 Thread added: 0x0000024e7312a500
Event: 0.415 Thread 0x0000024e5c706690 Thread added: 0x0000024e7814af30
Event: 0.955 Thread 0x0000024e5c706690 Thread added: 0x0000024e7825dcb0
Event: 6.964 Thread 0x0000024e5c706690 Thread added: 0x0000024e786457d0
Event: 11.847 Thread 0x0000024e5c706690 Thread added: 0x0000024e73173f80
Event: 12.029 Thread 0x0000024e5c706690 Thread added: 0x0000024e78056b40
Event: 12.854 Thread 0x0000024e78056b40 Thread added: 0x0000024e78084860
Event: 13.758 Thread 0x0000024e78056b40 Thread added: 0x0000024e78912770
Event: 19.069 Thread 0x0000024e78056b40 Thread added: 0x0000024e78d81060
Event: 19.421 Thread 0x0000024e78056b40 Thread added: 0x0000024e731a1630
Event: 19.465 Thread 0x0000024e78056b40 Thread added: 0x0000024e78cfd230
Event: 22.266 Thread 0x0000024e78056b40 Thread added: 0x0000024e78e3fed0
Event: 23.470 Thread 0x0000024e78e3fed0 Thread exited: 0x0000024e78e3fed0


Dynamic libraries:
0x00007ff71ae30000 - 0x00007ff71ae3e000 	c:\Users\lenovo\.antigravity\extensions\redhat.java-1.50.0-win32-x64\jre\21.0.9-win32-x86_64\bin\java.exe
0x00007ff9121f0000 - 0x00007ff912408000 	C:\WINDOWS\SYSTEM32\ntdll.dll
0x00007ff910e50000 - 0x00007ff910f14000 	C:\WINDOWS\System32\KERNEL32.DLL
0x00007ff90f850000 - 0x00007ff90fc23000 	C:\WINDOWS\System32\KERNELBASE.dll
0x00007ff90f510000 - 0x00007ff90f621000 	C:\WINDOWS\System32\ucrtbase.dll
0x00007ff8cd9d0000 - 0x00007ff8cd9e8000 	c:\Users\lenovo\.antigravity\extensions\redhat.java-1.50.0-win32-x64\jre\21.0.9-win32-x86_64\bin\jli.dll
0x00007ff9107d0000 - 0x00007ff910982000 	C:\WINDOWS\System32\USER32.dll
0x00007ff90f820000 - 0x00007ff90f846000 	C:\WINDOWS\System32\win32u.dll
0x00007ff9115e0000 - 0x00007ff911609000 	C:\WINDOWS\System32\GDI32.dll
0x00007ff90f6f0000 - 0x00007ff90f813000 	C:\WINDOWS\System32\gdi32full.dll
0x00007ff90fcb0000 - 0x00007ff90fd4a000 	C:\WINDOWS\System32\msvcp_win.dll
0x00007ff8cd940000 - 0x00007ff8cd95e000 	c:\Users\lenovo\.antigravity\extensions\redhat.java-1.50.0-win32-x64\jre\21.0.9-win32-x86_64\bin\VCRUNTIME140.dll
0x00007ff8f9370000 - 0x00007ff8f960c000 	C:\WINDOWS\WinSxS\amd64_microsoft.windows.common-controls_6595b64144ccf1df_6.0.22621.6060_none_2712eda17382d24b\COMCTL32.dll
0x00007ff910720000 - 0x00007ff9107c7000 	C:\WINDOWS\System32\msvcrt.dll
0x00007ff90ff50000 - 0x00007ff90ff81000 	C:\WINDOWS\System32\IMM32.DLL
0x00007ff900100000 - 0x00007ff90010c000 	c:\Users\lenovo\.antigravity\extensions\redhat.java-1.50.0-win32-x64\jre\21.0.9-win32-x86_64\bin\vcruntime140_1.dll
0x00007ff8601d0000 - 0x00007ff86025d000 	c:\Users\lenovo\.antigravity\extensions\redhat.java-1.50.0-win32-x64\jre\21.0.9-win32-x86_64\bin\msvcp140.dll
0x00007ff84c840000 - 0x00007ff84d5e0000 	c:\Users\lenovo\.antigravity\extensions\redhat.java-1.50.0-win32-x64\jre\21.0.9-win32-x86_64\bin\server\jvm.dll
0x00007ff911350000 - 0x00007ff911401000 	C:\WINDOWS\System32\ADVAPI32.dll
0x00007ff910020000 - 0x00007ff9100c8000 	C:\WINDOWS\System32\sechost.dll
0x00007ff90f370000 - 0x00007ff90f398000 	C:\WINDOWS\System32\bcrypt.dll
0x00007ff9114c0000 - 0x00007ff9115d8000 	C:\WINDOWS\System32\RPCRT4.dll
0x00007ff910f20000 - 0x00007ff910f91000 	C:\WINDOWS\System32\WS2_32.dll
0x00007ff90f010000 - 0x00007ff90f05d000 	C:\WINDOWS\SYSTEM32\POWRPROF.dll
0x00007ff9081f0000 - 0x00007ff908224000 	C:\WINDOWS\SYSTEM32\WINMM.dll
0x00007ff905000000 - 0x00007ff90500a000 	C:\WINDOWS\SYSTEM32\VERSION.dll
0x00007ff90eff0000 - 0x00007ff90f003000 	C:\WINDOWS\SYSTEM32\UMPDC.dll
0x00007ff90e2a0000 - 0x00007ff90e2b8000 	C:\WINDOWS\SYSTEM32\kernel.appcore.dll
0x00007ff8fd6c0000 - 0x00007ff8fd6ca000 	c:\Users\lenovo\.antigravity\extensions\redhat.java-1.50.0-win32-x64\jre\21.0.9-win32-x86_64\bin\jimage.dll
0x00007ff90cd90000 - 0x00007ff90cfc3000 	C:\WINDOWS\SYSTEM32\DBGHELP.DLL
0x00007ff910fb0000 - 0x00007ff911342000 	C:\WINDOWS\System32\combase.dll
0x00007ff910ba0000 - 0x00007ff910c78000 	C:\WINDOWS\System32\OLEAUT32.dll
0x00007ff8f9210000 - 0x00007ff8f9242000 	C:\WINDOWS\SYSTEM32\dbgcore.DLL
0x00007ff90fc30000 - 0x00007ff90fcab000 	C:\WINDOWS\System32\bcryptPrimitives.dll
0x00007ff8fc680000 - 0x00007ff8fc68f000 	c:\Users\lenovo\.antigravity\extensions\redhat.java-1.50.0-win32-x64\jre\21.0.9-win32-x86_64\bin\instrument.dll
0x00007ff8c8020000 - 0x00007ff8c8040000 	c:\Users\lenovo\.antigravity\extensions\redhat.java-1.50.0-win32-x64\jre\21.0.9-win32-x86_64\bin\java.dll
0x00007ff9117b0000 - 0x00007ff91204e000 	C:\WINDOWS\System32\SHELL32.dll
0x00007ff90fd50000 - 0x00007ff90fe8f000 	C:\WINDOWS\System32\wintypes.dll
0x00007ff90d180000 - 0x00007ff90da98000 	C:\WINDOWS\SYSTEM32\windows.storage.dll
0x00007ff910610000 - 0x00007ff910714000 	C:\WINDOWS\System32\SHCORE.dll
0x00007ff90ffb0000 - 0x00007ff910019000 	C:\WINDOWS\System32\shlwapi.dll
0x00007ff90f220000 - 0x00007ff90f245000 	C:\WINDOWS\SYSTEM32\profapi.dll
0x00007ff8c67d0000 - 0x00007ff8c67e8000 	c:\Users\lenovo\.antigravity\extensions\redhat.java-1.50.0-win32-x64\jre\21.0.9-win32-x86_64\bin\zip.dll
0x00007ff8fc060000 - 0x00007ff8fc070000 	C:\Users\lenovo\.antigravity\extensions\redhat.java-1.50.0-win32-x64\jre\21.0.9-win32-x86_64\bin\net.dll
0x00007ff908570000 - 0x00007ff90869c000 	C:\WINDOWS\SYSTEM32\WINHTTP.dll
0x00007ff90e7a0000 - 0x00007ff90e809000 	C:\WINDOWS\system32\mswsock.dll
0x00007ff8c6010000 - 0x00007ff8c6026000 	C:\Users\lenovo\.antigravity\extensions\redhat.java-1.50.0-win32-x64\jre\21.0.9-win32-x86_64\bin\nio.dll
0x00007ff8fb160000 - 0x00007ff8fb170000 	c:\Users\lenovo\.antigravity\extensions\redhat.java-1.50.0-win32-x64\jre\21.0.9-win32-x86_64\bin\verify.dll
0x00007ff8ab740000 - 0x00007ff8ab784000 	C:\Users\lenovo\AppData\Roaming\Antigravity\User\globalStorage\redhat.java\1.50.0\config_ss_win\org.eclipse.equinox.launcher\org.eclipse.equinox.launcher.win32.win32.x86_64_1.2.1400.v20250801-0854\eclipse_11916.dll
0x00007ff911610000 - 0x00007ff9117b0000 	C:\WINDOWS\System32\ole32.dll
0x00007ff90e9f0000 - 0x00007ff90ea0b000 	C:\WINDOWS\SYSTEM32\CRYPTSP.dll
0x00007ff90e200000 - 0x00007ff90e237000 	C:\WINDOWS\system32\rsaenh.dll
0x00007ff90e890000 - 0x00007ff90e8b8000 	C:\WINDOWS\SYSTEM32\USERENV.dll
0x00007ff90ea10000 - 0x00007ff90ea1c000 	C:\WINDOWS\SYSTEM32\CRYPTBASE.dll
0x00007ff90dd00000 - 0x00007ff90dd2d000 	C:\WINDOWS\SYSTEM32\IPHLPAPI.DLL
0x00007ff910fa0000 - 0x00007ff910fa9000 	C:\WINDOWS\System32\NSI.dll
0x00007ff887da0000 - 0x00007ff887de9000 	C:\Users\lenovo\AppData\Local\Temp\jna--1106355917\jna6804592599455512001.dll
0x00007ff910ab0000 - 0x00007ff910ab8000 	C:\WINDOWS\System32\PSAPI.DLL

JVMTI agents:
c:\Users\lenovo\.antigravity\extensions\redhat.java-1.50.0-win32-x64\lombok\lombok-1.18.39-4050.jar path:c:\Users\lenovo\.antigravity\extensions\redhat.java-1.50.0-win32-x64\jre\21.0.9-win32-x86_64\bin\instrument.dll, loaded, initialized, instrumentlib options:none

dbghelp: loaded successfully - version: 4.0.5 - missing functions: none
symbol engine: initialized successfully - sym options: 0x614 - pdb path: .;c:\Users\lenovo\.antigravity\extensions\redhat.java-1.50.0-win32-x64\jre\21.0.9-win32-x86_64\bin;C:\WINDOWS\SYSTEM32;C:\WINDOWS\WinSxS\amd64_microsoft.windows.common-controls_6595b64144ccf1df_6.0.22621.6060_none_2712eda17382d24b;c:\Users\lenovo\.antigravity\extensions\redhat.java-1.50.0-win32-x64\jre\21.0.9-win32-x86_64\bin\server;C:\Users\lenovo\AppData\Roaming\Antigravity\User\globalStorage\redhat.java\1.50.0\config_ss_win\org.eclipse.equinox.launcher\org.eclipse.equinox.launcher.win32.win32.x86_64_1.2.1400.v20250801-0854;C:\Users\lenovo\AppData\Local\Temp\jna--1106355917

VM Arguments:
jvm_args: --add-modules=ALL-SYSTEM --add-opens=java.base/java.util=ALL-UNNAMED --add-opens=java.base/java.lang=ALL-UNNAMED --add-opens=java.base/sun.nio.fs=ALL-UNNAMED -Declipse.application=org.eclipse.jdt.ls.core.id1 -Dosgi.bundles.defaultStartLevel=4 -Declipse.product=org.eclipse.jdt.ls.core.product -Djava.import.generatesMetadataFilesAtProjectRoot=false -DDetectVMInstallationsJob.disabled=true -Dfile.encoding=utf8 -XX:+UseParallelGC -XX:GCTimeRatio=4 -XX:AdaptiveSizePolicyWeight=90 -Dsun.zip.disableMemoryMapping=true -Xmx2G -Xms100m -Xlog:disable -javaagent:c:\Users\lenovo\.antigravity\extensions\redhat.java-1.50.0-win32-x64\lombok\lombok-1.18.39-4050.jar 
java_command: c:\Users\lenovo\.antigravity\extensions\redhat.java-1.50.0-win32-x64\server\plugins\org.eclipse.equinox.launcher_1.7.100.v20251111-0406.jar -configuration c:\Users\lenovo\AppData\Roaming\Antigravity\User\globalStorage\redhat.java\1.50.0\config_ss_win -data c:\Users\lenovo\AppData\Roaming\Antigravity\User\workspaceStorage\2425327a754423f84cdfe1383d7bf74d\redhat.java\ss_ws --pipe=\\.\pipe\lsp-624ca24bfcd9a5226d0bc70eb66a25a7-sock
java_class_path (initial): c:\Users\lenovo\.antigravity\extensions\redhat.java-1.50.0-win32-x64\server\plugins\org.eclipse.equinox.launcher_1.7.100.v20251111-0406.jar
Launcher Type: SUN_STANDARD

[Global flags]
    uintx AdaptiveSizePolicyWeight                 = 90                                        {product} {command line}
     intx CICompilerCount                          = 3                                         {product} {ergonomic}
    uintx GCTimeRatio                              = 4                                         {product} {command line}
   size_t InitialHeapSize                          = 104857600                                 {product} {command line}
   size_t MaxHeapSize                              = 2147483648                                {product} {command line}
   size_t MaxNewSize                               = 715653120                                 {product} {ergonomic}
   size_t MinHeapDeltaBytes                        = 524288                                    {product} {ergonomic}
   size_t MinHeapSize                              = 104857600                                 {product} {command line}
   size_t NewSize                                  = 34603008                                  {product} {ergonomic}
    uintx NonNMethodCodeHeapSize                   = 5832780                                {pd product} {ergonomic}
    uintx NonProfiledCodeHeapSize                  = 122912730                              {pd product} {ergonomic}
   size_t OldSize                                  = 70254592                                  {product} {ergonomic}
    uintx ProfiledCodeHeapSize                     = 122912730                              {pd product} {ergonomic}
    uintx ReservedCodeCacheSize                    = 251658240                              {pd product} {ergonomic}
     bool SegmentedCodeCache                       = true                                      {product} {ergonomic}
   size_t SoftMaxHeapSize                          = 2147483648                             {manageable} {ergonomic}
     bool UseCompressedOops                        = true                           {product lp64_product} {ergonomic}
     bool UseLargePagesIndividualAllocation        = false                                  {pd product} {ergonomic}
     bool UseParallelGC                            = true                                      {product} {command line}

Logging:
Log output configuration:
 #0: stdout all=off uptime,level,tags foldmultilines=false
 #1: stderr all=off uptime,level,tags foldmultilines=false

Release file:
JAVA_VERSION="21.0.9" 
MODULES="java.base java.compiler java.datatransfer java.xml java.prefs java.desktop java.instrument java.logging java.management java.security.sasl java.naming java.rmi java.management.rmi java.net.http java.scripting java.security.jgss java.transaction.xa java.sql java.sql.rowset java.xml.crypto java.se java.smartcardio jdk.accessibility jdk.internal.jvmstat jdk.attach jdk.charsets jdk.internal.opt jdk.zipfs jdk.compiler jdk.crypto.ec jdk.crypto.cryptoki jdk.crypto.mscapi jdk.dynalink jdk.internal.ed jdk.editpad jdk.hotspot.agent jdk.httpserver jdk.internal.le jdk.internal.vm.ci jdk.internal.vm.compiler jdk.internal.vm.compiler.management jdk.jartool jdk.javadoc jdk.jcmd jdk.management jdk.management.agent jdk.jconsole jdk.jdeps jdk.jdwp.agent jdk.jdi jdk.jfr jdk.jshell jdk.jsobject jdk.jstatd jdk.localedata jdk.management.jfr jdk.naming.dns jdk.naming.rmi jdk.net jdk.nio.mapmode jdk.random jdk.sctp jdk.security.auth jdk.security.jgss jdk.unsupported jdk.unsupported.desktop jdk.xml.dom" 

Environment Variables:
JAVA_HOME=C:\Program Files\Java\jdk-19
PATH=D:\virtualisation\bin\;D:\oracle\bin;C:\Program Files\Python312\Scripts\;C:\Program Files\Python312\;C:\ORACLE\WINDOWS.X64_193000_db_home\bin;C:\oraclexe\app\oracle\db_home\bin;C:\Users\lenovo\Documents\bin;C:\Users\lenovo\Desktop\bin;C:\oraclexe\app\oracle\product\11.2.0\server\bin;C:\Program Files\Common Files\Oracle\Java\javapath;C:\Program Files (x86)\Common Files\Oracle\Java\javapath;C:\WINDOWS\system32;C:\WINDOWS;C:\WINDOWS\System32\Wbem;C:\WINDOWS\System32\WindowsPowerShell\v1.0\;C:\WINDOWS\System32\OpenSSH\;C:\Program Files\Microsoft SQL Server\150\Tools\Binn\;C:\xampp\php;C:\ProgramData\chocolatey\bin;C:\Users\lenovo\Desktop\Install Spark\Install Spark\spark-3.1.2-bin-hadoop3.2bin;C:\Program Files\Java\jdk-19bin;%HADDOP_HOME%bin;C:\Program Files\Java\jdk-19C:\Program Files\Java\jdk-19;C:\apache-tomcat-9.0.86C:\apache-tomcat-9.0.86;C:\instantclient-basic\instantclient_12_1;C:\Users\lenovo\AppData\Roaming\Python\Python312\Scripts;C:\Program Files (x86)\wkhtmltopdf\bin;C:\MinGW\bin;C:\Program Files (x86)\GnuWin32\bin;C:\MinGW\bin;C:\MinGW;C:\Program Files\gettext-iconv\bin\;C:\Program Files\MongoDB\Server\8.2\bin;C:\Program Files\Microsoft SQL Server\170\Tools\Binn\;C:\Program Files\Microsoft SQL Server\Client SDK\ODBC\170\Tools\Binn\;C:\Program Files\dotnet\;D:\xamp\php;D:\xamppp;d:\cursor\resources\app\codeBin;C:\Program Files\MySQL\MySQL Shell 8.0\bin\;C:\Users\lenovo\AppData\Local\Microsoft\WindowsApps;C:\Users\lenovo\AppData\Local\Programs\Microsoft VS Code\bin;C:\Users\lenovo\AppData\Roaming\Composer\vendor\bin;C:\Program Files\MongoDB\Server\6.0\bin;C:\Program Files\MongoDB\Server\6.0\mongosh\mongosh-1.9.0-win;C:\MinGW\bin;C:\MinGW;C:\Program Files\gettext-iconv\bin\;D:\mongodb\;D:\IntelliJ IDEA 2025.2.4\bin;C:\Users\lenovo\.dotnet\tools;D:\Antigravity\bin
USERNAME=lenovo
OS=Windows_NT
PROCESSOR_IDENTIFIER=AMD64 Family 23 Model 96 Stepping 1, AuthenticAMD
TMP=C:\Users\lenovo\AppData\Local\Temp
TEMP=C:\Users\lenovo\AppData\Local\Temp




Periodic native trim disabled

---------------  S Y S T E M  ---------------

OS:
 Windows 11 , 64 bit Build 22621 (10.0.22621.5415)
OS uptime: 0 days 3:27 hours
Hyper-V role detected

CPU: total 4 (initial active 4) (4 cores per cpu, 1 threads per core) family 23 model 96 stepping 1 microcode 0x0, cx8, cmov, fxsr, mmx, 3dnowpref, sse, sse2, sse3, ssse3, sse4a, sse4.1, sse4.2, popcnt, lzcnt, tsc, tscinvbit, avx, avx2, aes, clmul, bmi1, bmi2, adx, sha, fma, vzeroupper, clflush, clflushopt, hv, rdtscp, rdpid, f16c
Processor Information for the first 4 processors :
  Max Mhz: 2700, Current Mhz: 2700, Mhz Limit: 2700

Memory: 4k page, system-wide physical 7549M (257M free)
TotalPageFile size 22652M (AvailPageFile size 4M)
current process WorkingSet (physical memory assigned to process): 149M, peak: 153M
current process commit charge ("private bytes"): 271M, peak: 277M

vm_info: OpenJDK 64-Bit Server VM (21.0.9+10-LTS) for windows-amd64 JRE (21.0.9+10-LTS), built on 2025-10-21T00:00:00Z by "admin" with unknown MS VC++:1942

END.
